Time resolution is 1 ps
Time = 0 | reset = 1 | pc_out = 00000 | alu_out = 00000
Time = 10 | alu_en = 0 | opcode = 000000 | r2 =      0 | r3 =      0 | r1 =      0 | FLAG = 00000000
Time = 10 | reset = 0 | pc_out = 00000 | alu_out = 00000
Time = 15 | reset = 0 | pc_out = 00001 | alu_out = 00000
Time = 20 | alu_en = 1 | opcode = 000001 | r2 =     10 | r3 =     15 | r1 =      0 | FLAG = 00000000
Time = 25 | alu_en = 1 | opcode = 000001 | r2 =     10 | r3 =     15 | r1 =     25 | FLAG = 00000000
Time = 25 | reset = 0 | pc_out = 00002 | alu_out = 00019
ADD: r2=    10, r3=    15, r1=    25, FLAG=00000000
Time = 35 | reset = 0 | pc_out = 00003 | alu_out = 00019
Time = 40 | alu_en = 1 | opcode = 000010 | r2 =     20 | r3 =      5 | r1 =     25 | FLAG = 00000000
Time = 45 | alu_en = 1 | opcode = 000010 | r2 =     20 | r3 =      5 | r1 =     15 | FLAG = 00000000
Time = 45 | reset = 0 | pc_out = 00004 | alu_out = 0000f
SUB: r2=    20, r3=     5, r1=    15, FLAG=00000000
Time = 55 | reset = 0 | pc_out = 00005 | alu_out = 0000f
Time = 60 | alu_en = 1 | opcode = 000011 | r2 =      3 | r3 =      4 | r1 =     15 | FLAG = 00000000
Time = 65 | alu_en = 1 | opcode = 000011 | r2 =      3 | r3 =      4 | r1 =     12 | FLAG = 00000000
Time = 65 | reset = 0 | pc_out = 00006 | alu_out = 0000c
MUL: r2=     3, r3=     4, r1=    12, FLAG=00000000
Time = 75 | reset = 0 | pc_out = 00007 | alu_out = 0000c
Time = 80 | alu_en = 1 | opcode = 000100 | r2 =     40 | r3 =      8 | r1 =     12 | FLAG = 00000000
Time = 85 | alu_en = 1 | opcode = 000100 | r2 =     40 | r3 =      8 | r1 =      1 | FLAG = 00000000
Time = 85 | reset = 0 | pc_out = 00008 | alu_out = 00001
DIV: r2=    40, r3=     8, r1=     1, FLAG=00000000
Time = 95 | reset = 0 | pc_out = 00009 | alu_out = 00001
Time = 100 | alu_en = 1 | opcode = 000100 | r2 =     10 | r3 =      0 | r1 =      1 | FLAG = 00000000
Time = 105 | alu_en = 1 | opcode = 000100 | r2 =     10 | r3 =      0 | r1 =      0 | FLAG = 00000001
Time = 105 | reset = 0 | pc_out = 0000a | alu_out = 00000
DIV (Divide by Zero): r2=    10, r3=     0, r1=     0, FLAG=00000001
Time = 115 | reset = 0 | pc_out = 0000b | alu_out = 00000
Time = 120 | alu_en = 1 | opcode = 000111 | r2 = 349525 | r3 = 419430 | r1 =      0 | FLAG = 00000001
Time = 125 | alu_en = 1 | opcode = 000111 | r2 = 349525 | r3 = 419430 | r1 = 279620 | FLAG = 10000000
Time = 125 | reset = 0 | pc_out = 0000c | alu_out = 44444
AND: r2=1010101010101010101, r3=1100110011001100110, r1=1000100010001000100, FLAG=10000000
Time = 135 | reset = 0 | pc_out = 0000d | alu_out = 44444
Time = 140 | alu_en = 1 | opcode = 001000 | r2 = 349525 | r3 = 419430 | r1 = 279620 | FLAG = 10000000
Time = 145 | alu_en = 1 | opcode = 001000 | r2 = 349525 | r3 = 419430 | r1 = 489335 | FLAG = 10000000
Time = 145 | reset = 0 | pc_out = 0000e | alu_out = 77777
OR: r2=1010101010101010101, r3=1100110011001100110, r1=1110111011101110111, FLAG=10000000
Time = 155 | reset = 0 | pc_out = 0000f | alu_out = 77777
Time = 160 | alu_en = 1 | opcode = 001001 | r2 = 349525 | r3 = 419430 | r1 = 489335 | FLAG = 10000000
Time = 165 | alu_en = 1 | opcode = 001001 | r2 = 349525 | r3 = 419430 | r1 = 209715 | FLAG = 00000000
Time = 165 | reset = 0 | pc_out = 00010 | alu_out = 33333
XOR: r2=1010101010101010101, r3=1100110011001100110, r1=0110011001100110011, FLAG=00000000
Time = 175 | reset = 0 | pc_out = 00011 | alu_out = 33333
Time = 180 | alu_en = 1 | opcode = 001011 | r2 = 349525 | r3 = 419430 | r1 = 209715 | FLAG = 00000000
Time = 185 | alu_en = 1 | opcode = 001011 | r2 = 349525 | r3 = 419430 | r1 = 174762 | FLAG = 01000000
Time = 185 | reset = 0 | pc_out = 00012 | alu_out = 2aaaa
NOT: r2=1010101010101010101, r1=0101010101010101010, FLAG=01000000
Time = 195 | reset = 0 | pc_out = 00013 | alu_out = 2aaaa
Time = 200 | alu_en = 1 | opcode = 111111 | r2 = 349525 | r3 = 419430 | r1 = 174762 | FLAG = 01000000
Warning: Unsupported Opcode - 111111
Time = 205 | alu_en = 1 | opcode = 111111 | r2 = 349525 | r3 = 419430 | r1 =      0 | FLAG = 00000000
Time = 205 | reset = 0 | pc_out = 00014 | alu_out = 00000
Default: r2=349525, r3=419430, r1=     0, FLAG=00000000
Warning: Unsupported Opcode - 111111
Time = 215 | reset = 0 | pc_out = 00015 | alu_out = 00000
Time = 220 | alu_en = 0 | opcode = 111111 | r2 = 349525 | r3 = 419430 | r1 =      0 | FLAG = 00000000
Time = 225 | reset = 0 | pc_out = 00016 | alu_out = 00000
$stop called at time : 230 ns : File "C:/Users/surya/CPU_19_Bit/CPU_19_Bit.srcs/sim_1/new/cpu_top_tb.v" Line 131
Time = 235 | reset = 0 | pc_out = 00017 | alu_out = 00000
Time = 245 | reset = 0 | pc_out = 00018 | alu_out = 00000
Time = 255 | reset = 0 | pc_out = 00019 | alu_out = 00000
Time = 265 | reset = 0 | pc_out = 0001a | alu_out = 00000
Time = 275 | reset = 0 | pc_out = 0001b | alu_out = 00000
Time = 285 | reset = 0 | pc_out = 0001c | alu_out = 00000
Time = 295 | reset = 0 | pc_out = 0001d | alu_out = 00000
Time = 305 | reset = 0 | pc_out = 0001e | alu_out = 00000
Time = 315 | reset = 0 | pc_out = 0001f | alu_out = 00000
Time = 325 | reset = 0 | pc_out = 00020 | alu_out = 00000
Time = 335 | reset = 0 | pc_out = 00021 | alu_out = 00000
Time = 345 | reset = 0 | pc_out = 00022 | alu_out = 00000
Time = 355 | reset = 0 | pc_out = 00023 | alu_out = 00000
Time = 365 | reset = 0 | pc_out = 00024 | alu_out = 00000
Time = 375 | reset = 0 | pc_out = 00025 | alu_out = 00000
Time = 385 | reset = 0 | pc_out = 00026 | alu_out = 00000
Time = 395 | reset = 0 | pc_out = 00027 | alu_out = 00000
Time = 405 | reset = 0 | pc_out = 00028 | alu_out = 00000
Time = 415 | reset = 0 | pc_out = 00029 | alu_out = 00000
Time = 425 | reset = 0 | pc_out = 0002a | alu_out = 00000
Time = 435 | reset = 0 | pc_out = 0002b | alu_out = 00000
Time = 445 | reset = 0 | pc_out = 0002c | alu_out = 00000
Time = 455 | reset = 0 | pc_out = 0002d | alu_out = 00000
Time = 465 | reset = 0 | pc_out = 0002e | alu_out = 00000
Time = 475 | reset = 0 | pc_out = 0002f | alu_out = 00000
Time = 485 | reset = 0 | pc_out = 00030 | alu_out = 00000
Time = 495 | reset = 0 | pc_out = 00031 | alu_out = 00000
Time = 505 | reset = 0 | pc_out = 00032 | alu_out = 00000
Time = 515 | reset = 0 | pc_out = 00033 | alu_out = 00000
Time = 525 | reset = 0 | pc_out = 00034 | alu_out = 00000
Time = 535 | reset = 0 | pc_out = 00035 | alu_out = 00000
Time = 545 | reset = 0 | pc_out = 00036 | alu_out = 00000
Time = 555 | reset = 0 | pc_out = 00037 | alu_out = 00000
Time = 565 | reset = 0 | pc_out = 00038 | alu_out = 00000
Time = 575 | reset = 0 | pc_out = 00039 | alu_out = 00000
Time = 585 | reset = 0 | pc_out = 0003a | alu_out = 00000
Time = 595 | reset = 0 | pc_out = 0003b | alu_out = 00000
Time = 605 | reset = 0 | pc_out = 0003c | alu_out = 00000
Time = 615 | reset = 0 | pc_out = 0003d | alu_out = 00000
Time = 625 | reset = 0 | pc_out = 0003e | alu_out = 00000
Time = 635 | reset = 0 | pc_out = 0003f | alu_out = 00000
Time = 645 | reset = 0 | pc_out = 00040 | alu_out = 00000
Time = 655 | reset = 0 | pc_out = 00041 | alu_out = 00000
Time = 665 | reset = 0 | pc_out = 00042 | alu_out = 00000
Time = 675 | reset = 0 | pc_out = 00043 | alu_out = 00000
Time = 685 | reset = 0 | pc_out = 00044 | alu_out = 00000
Time = 695 | reset = 0 | pc_out = 00045 | alu_out = 00000
Time = 705 | reset = 0 | pc_out = 00046 | alu_out = 00000
Time = 715 | reset = 0 | pc_out = 00047 | alu_out = 00000
Time = 725 | reset = 0 | pc_out = 00048 | alu_out = 00000
Time = 735 | reset = 0 | pc_out = 00049 | alu_out = 00000
Time = 745 | reset = 0 | pc_out = 0004a | alu_out = 00000
Time = 755 | reset = 0 | pc_out = 0004b | alu_out = 00000
Time = 765 | reset = 0 | pc_out = 0004c | alu_out = 00000
Time = 775 | reset = 0 | pc_out = 0004d | alu_out = 00000
Time = 785 | reset = 0 | pc_out = 0004e | alu_out = 00000
Time = 795 | reset = 0 | pc_out = 0004f | alu_out = 00000
Time = 805 | reset = 0 | pc_out = 00050 | alu_out = 00000
Time = 815 | reset = 0 | pc_out = 00051 | alu_out = 00000
Time = 825 | reset = 0 | pc_out = 00052 | alu_out = 00000
Time = 835 | reset = 0 | pc_out = 00053 | alu_out = 00000
Time = 845 | reset = 0 | pc_out = 00054 | alu_out = 00000
Time = 855 | reset = 0 | pc_out = 00055 | alu_out = 00000
Time = 865 | reset = 0 | pc_out = 00056 | alu_out = 00000
Time = 875 | reset = 0 | pc_out = 00057 | alu_out = 00000
Time = 885 | reset = 0 | pc_out = 00058 | alu_out = 00000
Time = 895 | reset = 0 | pc_out = 00059 | alu_out = 00000
Time = 905 | reset = 0 | pc_out = 0005a | alu_out = 00000
Time = 915 | reset = 0 | pc_out = 0005b | alu_out = 00000
Time = 925 | reset = 0 | pc_out = 0005c | alu_out = 00000
Time = 935 | reset = 0 | pc_out = 0005d | alu_out = 00000
Time = 945 | reset = 0 | pc_out = 0005e | alu_out = 00000
Time = 955 | reset = 0 | pc_out = 0005f | alu_out = 00000
Time = 965 | reset = 0 | pc_out = 00060 | alu_out = 00000
Time = 975 | reset = 0 | pc_out = 00061 | alu_out = 00000
Time = 985 | reset = 0 | pc_out = 00062 | alu_out = 00000
Time = 995 | reset = 0 | pc_out = 00063 | alu_out = 00000
Time = 1005 | reset = 0 | pc_out = 00064 | alu_out = 00000
Time = 1015 | reset = 0 | pc_out = 00065 | alu_out = 00000
Time = 1025 | reset = 0 | pc_out = 00066 | alu_out = 00000
Time = 1035 | reset = 0 | pc_out = 00067 | alu_out = 00000
Time = 1045 | reset = 0 | pc_out = 00068 | alu_out = 00000
Time = 1055 | reset = 0 | pc_out = 00069 | alu_out = 00000
Time = 1065 | reset = 0 | pc_out = 0006a | alu_out = 00000
Time = 1075 | reset = 0 | pc_out = 0006b | alu_out = 00000
Time = 1085 | reset = 0 | pc_out = 0006c | alu_out = 00000
Time = 1095 | reset = 0 | pc_out = 0006d | alu_out = 00000
Time = 1105 | reset = 0 | pc_out = 0006e | alu_out = 00000
Time = 1115 | reset = 0 | pc_out = 0006f | alu_out = 00000
Time = 1125 | reset = 0 | pc_out = 00070 | alu_out = 00000
Time = 1135 | reset = 0 | pc_out = 00071 | alu_out = 00000
Time = 1145 | reset = 0 | pc_out = 00072 | alu_out = 00000
Time = 1155 | reset = 0 | pc_out = 00073 | alu_out = 00000
Time = 1165 | reset = 0 | pc_out = 00074 | alu_out = 00000
Time = 1175 | reset = 0 | pc_out = 00075 | alu_out = 00000
Time = 1185 | reset = 0 | pc_out = 00076 | alu_out = 00000
Time = 1195 | reset = 0 | pc_out = 00077 | alu_out = 00000
Time = 1205 | reset = 0 | pc_out = 00078 | alu_out = 00000
Time = 1215 | reset = 0 | pc_out = 00079 | alu_out = 00000
Time = 1225 | reset = 0 | pc_out = 0007a | alu_out = 00000
Time = 1235 | reset = 0 | pc_out = 0007b | alu_out = 00000
Time = 1245 | reset = 0 | pc_out = 0007c | alu_out = 00000
Time = 1255 | reset = 0 | pc_out = 0007d | alu_out = 00000
Time = 1265 | reset = 0 | pc_out = 0007e | alu_out = 00000
Time = 1275 | reset = 0 | pc_out = 0007f | alu_out = 00000
Time = 1285 | reset = 0 | pc_out = 00080 | alu_out = 00000
Time = 1295 | reset = 0 | pc_out = 00081 | alu_out = 00000
Time = 1305 | reset = 0 | pc_out = 00082 | alu_out = 00000
Time = 1315 | reset = 0 | pc_out = 00083 | alu_out = 00000
Time = 1325 | reset = 0 | pc_out = 00084 | alu_out = 00000
Time = 1335 | reset = 0 | pc_out = 00085 | alu_out = 00000
Time = 1345 | reset = 0 | pc_out = 00086 | alu_out = 00000
Time = 1355 | reset = 0 | pc_out = 00087 | alu_out = 00000
Time = 1365 | reset = 0 | pc_out = 00088 | alu_out = 00000
Time = 1375 | reset = 0 | pc_out = 00089 | alu_out = 00000
Time = 1385 | reset = 0 | pc_out = 0008a | alu_out = 00000
Time = 1395 | reset = 0 | pc_out = 0008b | alu_out = 00000
Time = 1405 | reset = 0 | pc_out = 0008c | alu_out = 00000
Time = 1415 | reset = 0 | pc_out = 0008d | alu_out = 00000
Time = 1425 | reset = 0 | pc_out = 0008e | alu_out = 00000
Time = 1435 | reset = 0 | pc_out = 0008f | alu_out = 00000
Time = 1445 | reset = 0 | pc_out = 00090 | alu_out = 00000
Time = 1455 | reset = 0 | pc_out = 00091 | alu_out = 00000
Time = 1465 | reset = 0 | pc_out = 00092 | alu_out = 00000
Time = 1475 | reset = 0 | pc_out = 00093 | alu_out = 00000
Time = 1485 | reset = 0 | pc_out = 00094 | alu_out = 00000
Time = 1495 | reset = 0 | pc_out = 00095 | alu_out = 00000
Time = 1505 | reset = 0 | pc_out = 00096 | alu_out = 00000
Time = 1515 | reset = 0 | pc_out = 00097 | alu_out = 00000
Time = 1525 | reset = 0 | pc_out = 00098 | alu_out = 00000
Time = 1535 | reset = 0 | pc_out = 00099 | alu_out = 00000
Time = 1545 | reset = 0 | pc_out = 0009a | alu_out = 00000
Time = 1555 | reset = 0 | pc_out = 0009b | alu_out = 00000
Time = 1565 | reset = 0 | pc_out = 0009c | alu_out = 00000
Time = 1575 | reset = 0 | pc_out = 0009d | alu_out = 00000
Time = 1585 | reset = 0 | pc_out = 0009e | alu_out = 00000
Time = 1595 | reset = 0 | pc_out = 0009f | alu_out = 00000
Time = 1605 | reset = 0 | pc_out = 000a0 | alu_out = 00000
Time = 1615 | reset = 0 | pc_out = 000a1 | alu_out = 00000
Time = 1625 | reset = 0 | pc_out = 000a2 | alu_out = 00000
Time = 1635 | reset = 0 | pc_out = 000a3 | alu_out = 00000
Time = 1645 | reset = 0 | pc_out = 000a4 | alu_out = 00000
Time = 1655 | reset = 0 | pc_out = 000a5 | alu_out = 00000
Time = 1665 | reset = 0 | pc_out = 000a6 | alu_out = 00000
Time = 1675 | reset = 0 | pc_out = 000a7 | alu_out = 00000
Time = 1685 | reset = 0 | pc_out = 000a8 | alu_out = 00000
Time = 1695 | reset = 0 | pc_out = 000a9 | alu_out = 00000
Time = 1705 | reset = 0 | pc_out = 000aa | alu_out = 00000
Time = 1715 | reset = 0 | pc_out = 000ab | alu_out = 00000
Time = 1725 | reset = 0 | pc_out = 000ac | alu_out = 00000
Time = 1735 | reset = 0 | pc_out = 000ad | alu_out = 00000
Time = 1745 | reset = 0 | pc_out = 000ae | alu_out = 00000
Time = 1755 | reset = 0 | pc_out = 000af | alu_out = 00000
Time = 1765 | reset = 0 | pc_out = 000b0 | alu_out = 00000
Time = 1775 | reset = 0 | pc_out = 000b1 | alu_out = 00000
Time = 1785 | reset = 0 | pc_out = 000b2 | alu_out = 00000
Time = 1795 | reset = 0 | pc_out = 000b3 | alu_out = 00000
Time = 1805 | reset = 0 | pc_out = 000b4 | alu_out = 00000
Time = 1815 | reset = 0 | pc_out = 000b5 | alu_out = 00000
Time = 1825 | reset = 0 | pc_out = 000b6 | alu_out = 00000
Time = 1835 | reset = 0 | pc_out = 000b7 | alu_out = 00000
Time = 1845 | reset = 0 | pc_out = 000b8 | alu_out = 00000
Time = 1855 | reset = 0 | pc_out = 000b9 | alu_out = 00000
Time = 1865 | reset = 0 | pc_out = 000ba | alu_out = 00000
Time = 1875 | reset = 0 | pc_out = 000bb | alu_out = 00000
Time = 1885 | reset = 0 | pc_out = 000bc | alu_out = 00000
Time = 1895 | reset = 0 | pc_out = 000bd | alu_out = 00000
Time = 1905 | reset = 0 | pc_out = 000be | alu_out = 00000
Time = 1915 | reset = 0 | pc_out = 000bf | alu_out = 00000
Time = 1925 | reset = 0 | pc_out = 000c0 | alu_out = 00000
Time = 1935 | reset = 0 | pc_out = 000c1 | alu_out = 00000
Time = 1945 | reset = 0 | pc_out = 000c2 | alu_out = 00000
Time = 1955 | reset = 0 | pc_out = 000c3 | alu_out = 00000
Time = 1965 | reset = 0 | pc_out = 000c4 | alu_out = 00000
Time = 1975 | reset = 0 | pc_out = 000c5 | alu_out = 00000
Time = 1985 | reset = 0 | pc_out = 000c6 | alu_out = 00000
Time = 1995 | reset = 0 | pc_out = 000c7 | alu_out = 00000
Time = 2005 | reset = 0 | pc_out = 000c8 | alu_out = 00000
Time = 2015 | reset = 0 | pc_out = 000c9 | alu_out = 00000
Time = 2025 | reset = 0 | pc_out = 000ca | alu_out = 00000
Time = 2035 | reset = 0 | pc_out = 000cb | alu_out = 00000
Time = 2045 | reset = 0 | pc_out = 000cc | alu_out = 00000
Time = 2055 | reset = 0 | pc_out = 000cd | alu_out = 00000
Time = 2065 | reset = 0 | pc_out = 000ce | alu_out = 00000
Time = 2075 | reset = 0 | pc_out = 000cf | alu_out = 00000
Time = 2085 | reset = 0 | pc_out = 000d0 | alu_out = 00000
Time = 2095 | reset = 0 | pc_out = 000d1 | alu_out = 00000
Time = 2105 | reset = 0 | pc_out = 000d2 | alu_out = 00000
Time = 2115 | reset = 0 | pc_out = 000d3 | alu_out = 00000
Time = 2125 | reset = 0 | pc_out = 000d4 | alu_out = 00000
Time = 2135 | reset = 0 | pc_out = 000d5 | alu_out = 00000
Time = 2145 | reset = 0 | pc_out = 000d6 | alu_out = 00000
Time = 2155 | reset = 0 | pc_out = 000d7 | alu_out = 00000
Time = 2165 | reset = 0 | pc_out = 000d8 | alu_out = 00000
Time = 2175 | reset = 0 | pc_out = 000d9 | alu_out = 00000
Time = 2185 | reset = 0 | pc_out = 000da | alu_out = 00000
Time = 2195 | reset = 0 | pc_out = 000db | alu_out = 00000
Time = 2205 | reset = 0 | pc_out = 000dc | alu_out = 00000
Time = 2215 | reset = 0 | pc_out = 000dd | alu_out = 00000
Time = 2225 | reset = 0 | pc_out = 000de | alu_out = 00000
Time = 2235 | reset = 0 | pc_out = 000df | alu_out = 00000
Time = 2245 | reset = 0 | pc_out = 000e0 | alu_out = 00000
Time = 2255 | reset = 0 | pc_out = 000e1 | alu_out = 00000
Time = 2265 | reset = 0 | pc_out = 000e2 | alu_out = 00000
Time = 2275 | reset = 0 | pc_out = 000e3 | alu_out = 00000
Time = 2285 | reset = 0 | pc_out = 000e4 | alu_out = 00000
Time = 2295 | reset = 0 | pc_out = 000e5 | alu_out = 00000
Time = 2305 | reset = 0 | pc_out = 000e6 | alu_out = 00000
Time = 2315 | reset = 0 | pc_out = 000e7 | alu_out = 00000
Time = 2325 | reset = 0 | pc_out = 000e8 | alu_out = 00000
Time = 2335 | reset = 0 | pc_out = 000e9 | alu_out = 00000
Time = 2345 | reset = 0 | pc_out = 000ea | alu_out = 00000
Time = 2355 | reset = 0 | pc_out = 000eb | alu_out = 00000
Time = 2365 | reset = 0 | pc_out = 000ec | alu_out = 00000
Time = 2375 | reset = 0 | pc_out = 000ed | alu_out = 00000
Time = 2385 | reset = 0 | pc_out = 000ee | alu_out = 00000
Time = 2395 | reset = 0 | pc_out = 000ef | alu_out = 00000
Time = 2405 | reset = 0 | pc_out = 000f0 | alu_out = 00000
Time = 2415 | reset = 0 | pc_out = 000f1 | alu_out = 00000
Time = 2425 | reset = 0 | pc_out = 000f2 | alu_out = 00000
Time = 2435 | reset = 0 | pc_out = 000f3 | alu_out = 00000
Time = 2445 | reset = 0 | pc_out = 000f4 | alu_out = 00000
Time = 2455 | reset = 0 | pc_out = 000f5 | alu_out = 00000
Time = 2465 | reset = 0 | pc_out = 000f6 | alu_out = 00000
Time = 2475 | reset = 0 | pc_out = 000f7 | alu_out = 00000
Time = 2485 | reset = 0 | pc_out = 000f8 | alu_out = 00000
Time = 2495 | reset = 0 | pc_out = 000f9 | alu_out = 00000
Time = 2505 | reset = 0 | pc_out = 000fa | alu_out = 00000
Time = 2515 | reset = 0 | pc_out = 000fb | alu_out = 00000
Time = 2525 | reset = 0 | pc_out = 000fc | alu_out = 00000
Time = 2535 | reset = 0 | pc_out = 000fd | alu_out = 00000
Time = 2545 | reset = 0 | pc_out = 000fe | alu_out = 00000
Time = 2555 | reset = 0 | pc_out = 000ff | alu_out = 00000
Time = 2565 | reset = 0 | pc_out = 00100 | alu_out = 00000
Time = 2575 | reset = 0 | pc_out = 00101 | alu_out = 00000
Time = 2585 | reset = 0 | pc_out = 00102 | alu_out = 00000
Time = 2595 | reset = 0 | pc_out = 00103 | alu_out = 00000
Time = 2605 | reset = 0 | pc_out = 00104 | alu_out = 00000
Time = 2615 | reset = 0 | pc_out = 00105 | alu_out = 00000
Time = 2625 | reset = 0 | pc_out = 00106 | alu_out = 00000
Time = 2635 | reset = 0 | pc_out = 00107 | alu_out = 00000
Time = 2645 | reset = 0 | pc_out = 00108 | alu_out = 00000
Time = 2655 | reset = 0 | pc_out = 00109 | alu_out = 00000
Time = 2665 | reset = 0 | pc_out = 0010a | alu_out = 00000
Time = 2675 | reset = 0 | pc_out = 0010b | alu_out = 00000
Time = 2685 | reset = 0 | pc_out = 0010c | alu_out = 00000
Time = 2695 | reset = 0 | pc_out = 0010d | alu_out = 00000
Time = 2705 | reset = 0 | pc_out = 0010e | alu_out = 00000
Time = 2715 | reset = 0 | pc_out = 0010f | alu_out = 00000
Time = 2725 | reset = 0 | pc_out = 00110 | alu_out = 00000
Time = 2735 | reset = 0 | pc_out = 00111 | alu_out = 00000
Time = 2745 | reset = 0 | pc_out = 00112 | alu_out = 00000
Time = 2755 | reset = 0 | pc_out = 00113 | alu_out = 00000
Time = 2765 | reset = 0 | pc_out = 00114 | alu_out = 00000
Time = 2775 | reset = 0 | pc_out = 00115 | alu_out = 00000
Time = 2785 | reset = 0 | pc_out = 00116 | alu_out = 00000
Time = 2795 | reset = 0 | pc_out = 00117 | alu_out = 00000
Time = 2805 | reset = 0 | pc_out = 00118 | alu_out = 00000
Time = 2815 | reset = 0 | pc_out = 00119 | alu_out = 00000
Time = 2825 | reset = 0 | pc_out = 0011a | alu_out = 00000
Time = 2835 | reset = 0 | pc_out = 0011b | alu_out = 00000
Time = 2845 | reset = 0 | pc_out = 0011c | alu_out = 00000
Time = 2855 | reset = 0 | pc_out = 0011d | alu_out = 00000
Time = 2865 | reset = 0 | pc_out = 0011e | alu_out = 00000
Time = 2875 | reset = 0 | pc_out = 0011f | alu_out = 00000
Time = 2885 | reset = 0 | pc_out = 00120 | alu_out = 00000
Time = 2895 | reset = 0 | pc_out = 00121 | alu_out = 00000
Time = 2905 | reset = 0 | pc_out = 00122 | alu_out = 00000
Time = 2915 | reset = 0 | pc_out = 00123 | alu_out = 00000
Time = 2925 | reset = 0 | pc_out = 00124 | alu_out = 00000
Time = 2935 | reset = 0 | pc_out = 00125 | alu_out = 00000
Time = 2945 | reset = 0 | pc_out = 00126 | alu_out = 00000
Time = 2955 | reset = 0 | pc_out = 00127 | alu_out = 00000
Time = 2965 | reset = 0 | pc_out = 00128 | alu_out = 00000
Time = 2975 | reset = 0 | pc_out = 00129 | alu_out = 00000
Time = 2985 | reset = 0 | pc_out = 0012a | alu_out = 00000
Time = 2995 | reset = 0 | pc_out = 0012b | alu_out = 00000
Time = 3005 | reset = 0 | pc_out = 0012c | alu_out = 00000
Time = 3015 | reset = 0 | pc_out = 0012d | alu_out = 00000
Time = 3025 | reset = 0 | pc_out = 0012e | alu_out = 00000
Time = 3035 | reset = 0 | pc_out = 0012f | alu_out = 00000
Time = 3045 | reset = 0 | pc_out = 00130 | alu_out = 00000
Time = 3055 | reset = 0 | pc_out = 00131 | alu_out = 00000
Time = 3065 | reset = 0 | pc_out = 00132 | alu_out = 00000
Time = 3075 | reset = 0 | pc_out = 00133 | alu_out = 00000
Time = 3085 | reset = 0 | pc_out = 00134 | alu_out = 00000
Time = 3095 | reset = 0 | pc_out = 00135 | alu_out = 00000
Time = 3105 | reset = 0 | pc_out = 00136 | alu_out = 00000
Time = 3115 | reset = 0 | pc_out = 00137 | alu_out = 00000
Time = 3125 | reset = 0 | pc_out = 00138 | alu_out = 00000
Time = 3135 | reset = 0 | pc_out = 00139 | alu_out = 00000
Time = 3145 | reset = 0 | pc_out = 0013a | alu_out = 00000
Time = 3155 | reset = 0 | pc_out = 0013b | alu_out = 00000
Time = 3165 | reset = 0 | pc_out = 0013c | alu_out = 00000
Time = 3175 | reset = 0 | pc_out = 0013d | alu_out = 00000
Time = 3185 | reset = 0 | pc_out = 0013e | alu_out = 00000
Time = 3195 | reset = 0 | pc_out = 0013f | alu_out = 00000
Time = 3205 | reset = 0 | pc_out = 00140 | alu_out = 00000
Time = 3215 | reset = 0 | pc_out = 00141 | alu_out = 00000
Time = 3225 | reset = 0 | pc_out = 00142 | alu_out = 00000
Time = 3235 | reset = 0 | pc_out = 00143 | alu_out = 00000
Time = 3245 | reset = 0 | pc_out = 00144 | alu_out = 00000
Time = 3255 | reset = 0 | pc_out = 00145 | alu_out = 00000
Time = 3265 | reset = 0 | pc_out = 00146 | alu_out = 00000
Time = 3275 | reset = 0 | pc_out = 00147 | alu_out = 00000
Time = 3285 | reset = 0 | pc_out = 00148 | alu_out = 00000
Time = 3295 | reset = 0 | pc_out = 00149 | alu_out = 00000
Time = 3305 | reset = 0 | pc_out = 0014a | alu_out = 00000
Time = 3315 | reset = 0 | pc_out = 0014b | alu_out = 00000
Time = 3325 | reset = 0 | pc_out = 0014c | alu_out = 00000
Time = 3335 | reset = 0 | pc_out = 0014d | alu_out = 00000
Time = 3345 | reset = 0 | pc_out = 0014e | alu_out = 00000
Time = 3355 | reset = 0 | pc_out = 0014f | alu_out = 00000
Time = 3365 | reset = 0 | pc_out = 00150 | alu_out = 00000
Time = 3375 | reset = 0 | pc_out = 00151 | alu_out = 00000
Time = 3385 | reset = 0 | pc_out = 00152 | alu_out = 00000
Time = 3395 | reset = 0 | pc_out = 00153 | alu_out = 00000
Time = 3405 | reset = 0 | pc_out = 00154 | alu_out = 00000
Time = 3415 | reset = 0 | pc_out = 00155 | alu_out = 00000
Time = 3425 | reset = 0 | pc_out = 00156 | alu_out = 00000
Time = 3435 | reset = 0 | pc_out = 00157 | alu_out = 00000
Time = 3445 | reset = 0 | pc_out = 00158 | alu_out = 00000
Time = 3455 | reset = 0 | pc_out = 00159 | alu_out = 00000
Time = 3465 | reset = 0 | pc_out = 0015a | alu_out = 00000
Time = 3475 | reset = 0 | pc_out = 0015b | alu_out = 00000
Time = 3485 | reset = 0 | pc_out = 0015c | alu_out = 00000
Time = 3495 | reset = 0 | pc_out = 0015d | alu_out = 00000
Time = 3505 | reset = 0 | pc_out = 0015e | alu_out = 00000
Time = 3515 | reset = 0 | pc_out = 0015f | alu_out = 00000
Time = 3525 | reset = 0 | pc_out = 00160 | alu_out = 00000
Time = 3535 | reset = 0 | pc_out = 00161 | alu_out = 00000
Time = 3545 | reset = 0 | pc_out = 00162 | alu_out = 00000
Time = 3555 | reset = 0 | pc_out = 00163 | alu_out = 00000
Time = 3565 | reset = 0 | pc_out = 00164 | alu_out = 00000
Time = 3575 | reset = 0 | pc_out = 00165 | alu_out = 00000
Time = 3585 | reset = 0 | pc_out = 00166 | alu_out = 00000
Time = 3595 | reset = 0 | pc_out = 00167 | alu_out = 00000
Time = 3605 | reset = 0 | pc_out = 00168 | alu_out = 00000
Time = 3615 | reset = 0 | pc_out = 00169 | alu_out = 00000
Time = 3625 | reset = 0 | pc_out = 0016a | alu_out = 00000
Time = 3635 | reset = 0 | pc_out = 0016b | alu_out = 00000
Time = 3645 | reset = 0 | pc_out = 0016c | alu_out = 00000
Time = 3655 | reset = 0 | pc_out = 0016d | alu_out = 00000
Time = 3665 | reset = 0 | pc_out = 0016e | alu_out = 00000
Time = 3675 | reset = 0 | pc_out = 0016f | alu_out = 00000
Time = 3685 | reset = 0 | pc_out = 00170 | alu_out = 00000
Time = 3695 | reset = 0 | pc_out = 00171 | alu_out = 00000
Time = 3705 | reset = 0 | pc_out = 00172 | alu_out = 00000
Time = 3715 | reset = 0 | pc_out = 00173 | alu_out = 00000
Time = 3725 | reset = 0 | pc_out = 00174 | alu_out = 00000
Time = 3735 | reset = 0 | pc_out = 00175 | alu_out = 00000
Time = 3745 | reset = 0 | pc_out = 00176 | alu_out = 00000
Time = 3755 | reset = 0 | pc_out = 00177 | alu_out = 00000
Time = 3765 | reset = 0 | pc_out = 00178 | alu_out = 00000
Time = 3775 | reset = 0 | pc_out = 00179 | alu_out = 00000
Time = 3785 | reset = 0 | pc_out = 0017a | alu_out = 00000
Time = 3795 | reset = 0 | pc_out = 0017b | alu_out = 00000
Time = 3805 | reset = 0 | pc_out = 0017c | alu_out = 00000
Time = 3815 | reset = 0 | pc_out = 0017d | alu_out = 00000
Time = 3825 | reset = 0 | pc_out = 0017e | alu_out = 00000
Time = 3835 | reset = 0 | pc_out = 0017f | alu_out = 00000
Time = 3845 | reset = 0 | pc_out = 00180 | alu_out = 00000
Time = 3855 | reset = 0 | pc_out = 00181 | alu_out = 00000
Time = 3865 | reset = 0 | pc_out = 00182 | alu_out = 00000
Time = 3875 | reset = 0 | pc_out = 00183 | alu_out = 00000
Time = 3885 | reset = 0 | pc_out = 00184 | alu_out = 00000
Time = 3895 | reset = 0 | pc_out = 00185 | alu_out = 00000
Time = 3905 | reset = 0 | pc_out = 00186 | alu_out = 00000
Time = 3915 | reset = 0 | pc_out = 00187 | alu_out = 00000
Time = 3925 | reset = 0 | pc_out = 00188 | alu_out = 00000
Time = 3935 | reset = 0 | pc_out = 00189 | alu_out = 00000
Time = 3945 | reset = 0 | pc_out = 0018a | alu_out = 00000
Time = 3955 | reset = 0 | pc_out = 0018b | alu_out = 00000
Time = 3965 | reset = 0 | pc_out = 0018c | alu_out = 00000
Time = 3975 | reset = 0 | pc_out = 0018d | alu_out = 00000
Time = 3985 | reset = 0 | pc_out = 0018e | alu_out = 00000
Time = 3995 | reset = 0 | pc_out = 0018f | alu_out = 00000
Time = 4005 | reset = 0 | pc_out = 00190 | alu_out = 00000
Time = 4015 | reset = 0 | pc_out = 00191 | alu_out = 00000
Time = 4025 | reset = 0 | pc_out = 00192 | alu_out = 00000
Time = 4035 | reset = 0 | pc_out = 00193 | alu_out = 00000
Time = 4045 | reset = 0 | pc_out = 00194 | alu_out = 00000
Time = 4055 | reset = 0 | pc_out = 00195 | alu_out = 00000
Time = 4065 | reset = 0 | pc_out = 00196 | alu_out = 00000
Time = 4075 | reset = 0 | pc_out = 00197 | alu_out = 00000
Time = 4085 | reset = 0 | pc_out = 00198 | alu_out = 00000
Time = 4095 | reset = 0 | pc_out = 00199 | alu_out = 00000
Time = 4105 | reset = 0 | pc_out = 0019a | alu_out = 00000
Time = 4115 | reset = 0 | pc_out = 0019b | alu_out = 00000
Time = 4125 | reset = 0 | pc_out = 0019c | alu_out = 00000
Time = 4135 | reset = 0 | pc_out = 0019d | alu_out = 00000
Time = 4145 | reset = 0 | pc_out = 0019e | alu_out = 00000
Time = 4155 | reset = 0 | pc_out = 0019f | alu_out = 00000
Time = 4165 | reset = 0 | pc_out = 001a0 | alu_out = 00000
Time = 4175 | reset = 0 | pc_out = 001a1 | alu_out = 00000
Time = 4185 | reset = 0 | pc_out = 001a2 | alu_out = 00000
Time = 4195 | reset = 0 | pc_out = 001a3 | alu_out = 00000
Time = 4205 | reset = 0 | pc_out = 001a4 | alu_out = 00000
Time = 4215 | reset = 0 | pc_out = 001a5 | alu_out = 00000
Time = 4225 | reset = 0 | pc_out = 001a6 | alu_out = 00000
Time = 4235 | reset = 0 | pc_out = 001a7 | alu_out = 00000
Time = 4245 | reset = 0 | pc_out = 001a8 | alu_out = 00000
Time = 4255 | reset = 0 | pc_out = 001a9 | alu_out = 00000
Time = 4265 | reset = 0 | pc_out = 001aa | alu_out = 00000
Time = 4275 | reset = 0 | pc_out = 001ab | alu_out = 00000
Time = 4285 | reset = 0 | pc_out = 001ac | alu_out = 00000
Time = 4295 | reset = 0 | pc_out = 001ad | alu_out = 00000
Time = 4305 | reset = 0 | pc_out = 001ae | alu_out = 00000
Time = 4315 | reset = 0 | pc_out = 001af | alu_out = 00000
Time = 4325 | reset = 0 | pc_out = 001b0 | alu_out = 00000
Time = 4335 | reset = 0 | pc_out = 001b1 | alu_out = 00000
Time = 4345 | reset = 0 | pc_out = 001b2 | alu_out = 00000
Time = 4355 | reset = 0 | pc_out = 001b3 | alu_out = 00000
Time = 4365 | reset = 0 | pc_out = 001b4 | alu_out = 00000
Time = 4375 | reset = 0 | pc_out = 001b5 | alu_out = 00000
Time = 4385 | reset = 0 | pc_out = 001b6 | alu_out = 00000
Time = 4395 | reset = 0 | pc_out = 001b7 | alu_out = 00000
Time = 4405 | reset = 0 | pc_out = 001b8 | alu_out = 00000
Time = 4415 | reset = 0 | pc_out = 001b9 | alu_out = 00000
Time = 4425 | reset = 0 | pc_out = 001ba | alu_out = 00000
Time = 4435 | reset = 0 | pc_out = 001bb | alu_out = 00000
Time = 4445 | reset = 0 | pc_out = 001bc | alu_out = 00000
Time = 4455 | reset = 0 | pc_out = 001bd | alu_out = 00000
Time = 4465 | reset = 0 | pc_out = 001be | alu_out = 00000
Time = 4475 | reset = 0 | pc_out = 001bf | alu_out = 00000
Time = 4485 | reset = 0 | pc_out = 001c0 | alu_out = 00000
Time = 4495 | reset = 0 | pc_out = 001c1 | alu_out = 00000
Time = 4505 | reset = 0 | pc_out = 001c2 | alu_out = 00000
Time = 4515 | reset = 0 | pc_out = 001c3 | alu_out = 00000
Time = 4525 | reset = 0 | pc_out = 001c4 | alu_out = 00000
Time = 4535 | reset = 0 | pc_out = 001c5 | alu_out = 00000
Time = 4545 | reset = 0 | pc_out = 001c6 | alu_out = 00000
Time = 4555 | reset = 0 | pc_out = 001c7 | alu_out = 00000
Time = 4565 | reset = 0 | pc_out = 001c8 | alu_out = 00000
Time = 4575 | reset = 0 | pc_out = 001c9 | alu_out = 00000
Time = 4585 | reset = 0 | pc_out = 001ca | alu_out = 00000
Time = 4595 | reset = 0 | pc_out = 001cb | alu_out = 00000
Time = 4605 | reset = 0 | pc_out = 001cc | alu_out = 00000
Time = 4615 | reset = 0 | pc_out = 001cd | alu_out = 00000
Time = 4625 | reset = 0 | pc_out = 001ce | alu_out = 00000
Time = 4635 | reset = 0 | pc_out = 001cf | alu_out = 00000
Time = 4645 | reset = 0 | pc_out = 001d0 | alu_out = 00000
Time = 4655 | reset = 0 | pc_out = 001d1 | alu_out = 00000
Time = 4665 | reset = 0 | pc_out = 001d2 | alu_out = 00000
Time = 4675 | reset = 0 | pc_out = 001d3 | alu_out = 00000
Time = 4685 | reset = 0 | pc_out = 001d4 | alu_out = 00000
Time = 4695 | reset = 0 | pc_out = 001d5 | alu_out = 00000
Time = 4705 | reset = 0 | pc_out = 001d6 | alu_out = 00000
Time = 4715 | reset = 0 | pc_out = 001d7 | alu_out = 00000
Time = 4725 | reset = 0 | pc_out = 001d8 | alu_out = 00000
Time = 4735 | reset = 0 | pc_out = 001d9 | alu_out = 00000
Time = 4745 | reset = 0 | pc_out = 001da | alu_out = 00000
Time = 4755 | reset = 0 | pc_out = 001db | alu_out = 00000
Time = 4765 | reset = 0 | pc_out = 001dc | alu_out = 00000
Time = 4775 | reset = 0 | pc_out = 001dd | alu_out = 00000
Time = 4785 | reset = 0 | pc_out = 001de | alu_out = 00000
Time = 4795 | reset = 0 | pc_out = 001df | alu_out = 00000
Time = 4805 | reset = 0 | pc_out = 001e0 | alu_out = 00000
Time = 4815 | reset = 0 | pc_out = 001e1 | alu_out = 00000
Time = 4825 | reset = 0 | pc_out = 001e2 | alu_out = 00000
Time = 4835 | reset = 0 | pc_out = 001e3 | alu_out = 00000
Time = 4845 | reset = 0 | pc_out = 001e4 | alu_out = 00000
Time = 4855 | reset = 0 | pc_out = 001e5 | alu_out = 00000
Time = 4865 | reset = 0 | pc_out = 001e6 | alu_out = 00000
Time = 4875 | reset = 0 | pc_out = 001e7 | alu_out = 00000
Time = 4885 | reset = 0 | pc_out = 001e8 | alu_out = 00000
Time = 4895 | reset = 0 | pc_out = 001e9 | alu_out = 00000
Time = 4905 | reset = 0 | pc_out = 001ea | alu_out = 00000
Time = 4915 | reset = 0 | pc_out = 001eb | alu_out = 00000
Time = 4925 | reset = 0 | pc_out = 001ec | alu_out = 00000
Time = 4935 | reset = 0 | pc_out = 001ed | alu_out = 00000
Time = 4945 | reset = 0 | pc_out = 001ee | alu_out = 00000
Time = 4955 | reset = 0 | pc_out = 001ef | alu_out = 00000
Time = 4965 | reset = 0 | pc_out = 001f0 | alu_out = 00000
Time = 4975 | reset = 0 | pc_out = 001f1 | alu_out = 00000
Time = 4985 | reset = 0 | pc_out = 001f2 | alu_out = 00000
Time = 4995 | reset = 0 | pc_out = 001f3 | alu_out = 00000
Time = 5005 | reset = 0 | pc_out = 001f4 | alu_out = 00000
Time = 5015 | reset = 0 | pc_out = 001f5 | alu_out = 00000
Time = 5025 | reset = 0 | pc_out = 001f6 | alu_out = 00000
Time = 5035 | reset = 0 | pc_out = 001f7 | alu_out = 00000
Time = 5045 | reset = 0 | pc_out = 001f8 | alu_out = 00000
Time = 5055 | reset = 0 | pc_out = 001f9 | alu_out = 00000
Time = 5065 | reset = 0 | pc_out = 001fa | alu_out = 00000
Time = 5075 | reset = 0 | pc_out = 001fb | alu_out = 00000
Time = 5085 | reset = 0 | pc_out = 001fc | alu_out = 00000
Time = 5095 | reset = 0 | pc_out = 001fd | alu_out = 00000
Time = 5105 | reset = 0 | pc_out = 001fe | alu_out = 00000
Time = 5115 | reset = 0 | pc_out = 001ff | alu_out = 00000
Time = 5125 | reset = 0 | pc_out = 00200 | alu_out = 00000
Time = 5135 | reset = 0 | pc_out = 00201 | alu_out = 00000
Time = 5145 | reset = 0 | pc_out = 00202 | alu_out = 00000
Time = 5155 | reset = 0 | pc_out = 00203 | alu_out = 00000
Time = 5165 | reset = 0 | pc_out = 00204 | alu_out = 00000
Time = 5175 | reset = 0 | pc_out = 00205 | alu_out = 00000
Time = 5185 | reset = 0 | pc_out = 00206 | alu_out = 00000
Time = 5195 | reset = 0 | pc_out = 00207 | alu_out = 00000
Time = 5205 | reset = 0 | pc_out = 00208 | alu_out = 00000
Time = 5215 | reset = 0 | pc_out = 00209 | alu_out = 00000
Time = 5225 | reset = 0 | pc_out = 0020a | alu_out = 00000
Time = 5235 | reset = 0 | pc_out = 0020b | alu_out = 00000
Time = 5245 | reset = 0 | pc_out = 0020c | alu_out = 00000
Time = 5255 | reset = 0 | pc_out = 0020d | alu_out = 00000
Time = 5265 | reset = 0 | pc_out = 0020e | alu_out = 00000
Time = 5275 | reset = 0 | pc_out = 0020f | alu_out = 00000
Time = 5285 | reset = 0 | pc_out = 00210 | alu_out = 00000
Time = 5295 | reset = 0 | pc_out = 00211 | alu_out = 00000
Time = 5305 | reset = 0 | pc_out = 00212 | alu_out = 00000
Time = 5315 | reset = 0 | pc_out = 00213 | alu_out = 00000
Time = 5325 | reset = 0 | pc_out = 00214 | alu_out = 00000
Time = 5335 | reset = 0 | pc_out = 00215 | alu_out = 00000
Time = 5345 | reset = 0 | pc_out = 00216 | alu_out = 00000
Time = 5355 | reset = 0 | pc_out = 00217 | alu_out = 00000
Time = 5365 | reset = 0 | pc_out = 00218 | alu_out = 00000
Time = 5375 | reset = 0 | pc_out = 00219 | alu_out = 00000
Time = 5385 | reset = 0 | pc_out = 0021a | alu_out = 00000
Time = 5395 | reset = 0 | pc_out = 0021b | alu_out = 00000
Time = 5405 | reset = 0 | pc_out = 0021c | alu_out = 00000
Time = 5415 | reset = 0 | pc_out = 0021d | alu_out = 00000
Time = 5425 | reset = 0 | pc_out = 0021e | alu_out = 00000
Time = 5435 | reset = 0 | pc_out = 0021f | alu_out = 00000
Time = 5445 | reset = 0 | pc_out = 00220 | alu_out = 00000
Time = 5455 | reset = 0 | pc_out = 00221 | alu_out = 00000
Time = 5465 | reset = 0 | pc_out = 00222 | alu_out = 00000
Time = 5475 | reset = 0 | pc_out = 00223 | alu_out = 00000
Time = 5485 | reset = 0 | pc_out = 00224 | alu_out = 00000
Time = 5495 | reset = 0 | pc_out = 00225 | alu_out = 00000
Time = 5505 | reset = 0 | pc_out = 00226 | alu_out = 00000
Time = 5515 | reset = 0 | pc_out = 00227 | alu_out = 00000
Time = 5525 | reset = 0 | pc_out = 00228 | alu_out = 00000
Time = 5535 | reset = 0 | pc_out = 00229 | alu_out = 00000
Time = 5545 | reset = 0 | pc_out = 0022a | alu_out = 00000
Time = 5555 | reset = 0 | pc_out = 0022b | alu_out = 00000
Time = 5565 | reset = 0 | pc_out = 0022c | alu_out = 00000
Time = 5575 | reset = 0 | pc_out = 0022d | alu_out = 00000
Time = 5585 | reset = 0 | pc_out = 0022e | alu_out = 00000
Time = 5595 | reset = 0 | pc_out = 0022f | alu_out = 00000
Time = 5605 | reset = 0 | pc_out = 00230 | alu_out = 00000
Time = 5615 | reset = 0 | pc_out = 00231 | alu_out = 00000
Time = 5625 | reset = 0 | pc_out = 00232 | alu_out = 00000
Time = 5635 | reset = 0 | pc_out = 00233 | alu_out = 00000
Time = 5645 | reset = 0 | pc_out = 00234 | alu_out = 00000
Time = 5655 | reset = 0 | pc_out = 00235 | alu_out = 00000
Time = 5665 | reset = 0 | pc_out = 00236 | alu_out = 00000
Time = 5675 | reset = 0 | pc_out = 00237 | alu_out = 00000
Time = 5685 | reset = 0 | pc_out = 00238 | alu_out = 00000
Time = 5695 | reset = 0 | pc_out = 00239 | alu_out = 00000
Time = 5705 | reset = 0 | pc_out = 0023a | alu_out = 00000
Time = 5715 | reset = 0 | pc_out = 0023b | alu_out = 00000
Time = 5725 | reset = 0 | pc_out = 0023c | alu_out = 00000
Time = 5735 | reset = 0 | pc_out = 0023d | alu_out = 00000
Time = 5745 | reset = 0 | pc_out = 0023e | alu_out = 00000
Time = 5755 | reset = 0 | pc_out = 0023f | alu_out = 00000
Time = 5765 | reset = 0 | pc_out = 00240 | alu_out = 00000
Time = 5775 | reset = 0 | pc_out = 00241 | alu_out = 00000
Time = 5785 | reset = 0 | pc_out = 00242 | alu_out = 00000
Time = 5795 | reset = 0 | pc_out = 00243 | alu_out = 00000
Time = 5805 | reset = 0 | pc_out = 00244 | alu_out = 00000
Time = 5815 | reset = 0 | pc_out = 00245 | alu_out = 00000
Time = 5825 | reset = 0 | pc_out = 00246 | alu_out = 00000
Time = 5835 | reset = 0 | pc_out = 00247 | alu_out = 00000
Time = 5845 | reset = 0 | pc_out = 00248 | alu_out = 00000
Time = 5855 | reset = 0 | pc_out = 00249 | alu_out = 00000
Time = 5865 | reset = 0 | pc_out = 0024a | alu_out = 00000
Time = 5875 | reset = 0 | pc_out = 0024b | alu_out = 00000
Time = 5885 | reset = 0 | pc_out = 0024c | alu_out = 00000
Time = 5895 | reset = 0 | pc_out = 0024d | alu_out = 00000
Time = 5905 | reset = 0 | pc_out = 0024e | alu_out = 00000
Time = 5915 | reset = 0 | pc_out = 0024f | alu_out = 00000
Time = 5925 | reset = 0 | pc_out = 00250 | alu_out = 00000
Time = 5935 | reset = 0 | pc_out = 00251 | alu_out = 00000
Time = 5945 | reset = 0 | pc_out = 00252 | alu_out = 00000
Time = 5955 | reset = 0 | pc_out = 00253 | alu_out = 00000
Time = 5965 | reset = 0 | pc_out = 00254 | alu_out = 00000
Time = 5975 | reset = 0 | pc_out = 00255 | alu_out = 00000
Time = 5985 | reset = 0 | pc_out = 00256 | alu_out = 00000
Time = 5995 | reset = 0 | pc_out = 00257 | alu_out = 00000
Time = 6005 | reset = 0 | pc_out = 00258 | alu_out = 00000
Time = 6015 | reset = 0 | pc_out = 00259 | alu_out = 00000
Time = 6025 | reset = 0 | pc_out = 0025a | alu_out = 00000
Time = 6035 | reset = 0 | pc_out = 0025b | alu_out = 00000
Time = 6045 | reset = 0 | pc_out = 0025c | alu_out = 00000
Time = 6055 | reset = 0 | pc_out = 0025d | alu_out = 00000
Time = 6065 | reset = 0 | pc_out = 0025e | alu_out = 00000
Time = 6075 | reset = 0 | pc_out = 0025f | alu_out = 00000
Time = 6085 | reset = 0 | pc_out = 00260 | alu_out = 00000
Time = 6095 | reset = 0 | pc_out = 00261 | alu_out = 00000
Time = 6105 | reset = 0 | pc_out = 00262 | alu_out = 00000
Time = 6115 | reset = 0 | pc_out = 00263 | alu_out = 00000
Time = 6125 | reset = 0 | pc_out = 00264 | alu_out = 00000
Time = 6135 | reset = 0 | pc_out = 00265 | alu_out = 00000
Time = 6145 | reset = 0 | pc_out = 00266 | alu_out = 00000
Time = 6155 | reset = 0 | pc_out = 00267 | alu_out = 00000
Time = 6165 | reset = 0 | pc_out = 00268 | alu_out = 00000
Time = 6175 | reset = 0 | pc_out = 00269 | alu_out = 00000
Time = 6185 | reset = 0 | pc_out = 0026a | alu_out = 00000
Time = 6195 | reset = 0 | pc_out = 0026b | alu_out = 00000
Time = 6205 | reset = 0 | pc_out = 0026c | alu_out = 00000
Time = 6215 | reset = 0 | pc_out = 0026d | alu_out = 00000
Time = 6225 | reset = 0 | pc_out = 0026e | alu_out = 00000
Time = 6235 | reset = 0 | pc_out = 0026f | alu_out = 00000
Time = 6245 | reset = 0 | pc_out = 00270 | alu_out = 00000
Time = 6255 | reset = 0 | pc_out = 00271 | alu_out = 00000
Time = 6265 | reset = 0 | pc_out = 00272 | alu_out = 00000
Time = 6275 | reset = 0 | pc_out = 00273 | alu_out = 00000
Time = 6285 | reset = 0 | pc_out = 00274 | alu_out = 00000
Time = 6295 | reset = 0 | pc_out = 00275 | alu_out = 00000
Time = 6305 | reset = 0 | pc_out = 00276 | alu_out = 00000
Time = 6315 | reset = 0 | pc_out = 00277 | alu_out = 00000
Time = 6325 | reset = 0 | pc_out = 00278 | alu_out = 00000
Time = 6335 | reset = 0 | pc_out = 00279 | alu_out = 00000
Time = 6345 | reset = 0 | pc_out = 0027a | alu_out = 00000
Time = 6355 | reset = 0 | pc_out = 0027b | alu_out = 00000
Time = 6365 | reset = 0 | pc_out = 0027c | alu_out = 00000
Time = 6375 | reset = 0 | pc_out = 0027d | alu_out = 00000
Time = 6385 | reset = 0 | pc_out = 0027e | alu_out = 00000
Time = 6395 | reset = 0 | pc_out = 0027f | alu_out = 00000
Time = 6405 | reset = 0 | pc_out = 00280 | alu_out = 00000
Time = 6415 | reset = 0 | pc_out = 00281 | alu_out = 00000
Time = 6425 | reset = 0 | pc_out = 00282 | alu_out = 00000
Time = 6435 | reset = 0 | pc_out = 00283 | alu_out = 00000
Time = 6445 | reset = 0 | pc_out = 00284 | alu_out = 00000
Time = 6455 | reset = 0 | pc_out = 00285 | alu_out = 00000
Time = 6465 | reset = 0 | pc_out = 00286 | alu_out = 00000
Time = 6475 | reset = 0 | pc_out = 00287 | alu_out = 00000
Time = 6485 | reset = 0 | pc_out = 00288 | alu_out = 00000
Time = 6495 | reset = 0 | pc_out = 00289 | alu_out = 00000
Time = 6505 | reset = 0 | pc_out = 0028a | alu_out = 00000
Time = 6515 | reset = 0 | pc_out = 0028b | alu_out = 00000
Time = 6525 | reset = 0 | pc_out = 0028c | alu_out = 00000
Time = 6535 | reset = 0 | pc_out = 0028d | alu_out = 00000
Time = 6545 | reset = 0 | pc_out = 0028e | alu_out = 00000
Time = 6555 | reset = 0 | pc_out = 0028f | alu_out = 00000
Time = 6565 | reset = 0 | pc_out = 00290 | alu_out = 00000
Time = 6575 | reset = 0 | pc_out = 00291 | alu_out = 00000
Time = 6585 | reset = 0 | pc_out = 00292 | alu_out = 00000
Time = 6595 | reset = 0 | pc_out = 00293 | alu_out = 00000
Time = 6605 | reset = 0 | pc_out = 00294 | alu_out = 00000
Time = 6615 | reset = 0 | pc_out = 00295 | alu_out = 00000
Time = 6625 | reset = 0 | pc_out = 00296 | alu_out = 00000
Time = 6635 | reset = 0 | pc_out = 00297 | alu_out = 00000
Time = 6645 | reset = 0 | pc_out = 00298 | alu_out = 00000
Time = 6655 | reset = 0 | pc_out = 00299 | alu_out = 00000
Time = 6665 | reset = 0 | pc_out = 0029a | alu_out = 00000
Time = 6675 | reset = 0 | pc_out = 0029b | alu_out = 00000
Time = 6685 | reset = 0 | pc_out = 0029c | alu_out = 00000
Time = 6695 | reset = 0 | pc_out = 0029d | alu_out = 00000
Time = 6705 | reset = 0 | pc_out = 0029e | alu_out = 00000
Time = 6715 | reset = 0 | pc_out = 0029f | alu_out = 00000
Time = 6725 | reset = 0 | pc_out = 002a0 | alu_out = 00000
Time = 6735 | reset = 0 | pc_out = 002a1 | alu_out = 00000
Time = 6745 | reset = 0 | pc_out = 002a2 | alu_out = 00000
Time = 6755 | reset = 0 | pc_out = 002a3 | alu_out = 00000
Time = 6765 | reset = 0 | pc_out = 002a4 | alu_out = 00000
Time = 6775 | reset = 0 | pc_out = 002a5 | alu_out = 00000
Time = 6785 | reset = 0 | pc_out = 002a6 | alu_out = 00000
Time = 6795 | reset = 0 | pc_out = 002a7 | alu_out = 00000
Time = 6805 | reset = 0 | pc_out = 002a8 | alu_out = 00000
Time = 6815 | reset = 0 | pc_out = 002a9 | alu_out = 00000
Time = 6825 | reset = 0 | pc_out = 002aa | alu_out = 00000
Time = 6835 | reset = 0 | pc_out = 002ab | alu_out = 00000
Time = 6845 | reset = 0 | pc_out = 002ac | alu_out = 00000
Time = 6855 | reset = 0 | pc_out = 002ad | alu_out = 00000
Time = 6865 | reset = 0 | pc_out = 002ae | alu_out = 00000
Time = 6875 | reset = 0 | pc_out = 002af | alu_out = 00000
Time = 6885 | reset = 0 | pc_out = 002b0 | alu_out = 00000
Time = 6895 | reset = 0 | pc_out = 002b1 | alu_out = 00000
Time = 6905 | reset = 0 | pc_out = 002b2 | alu_out = 00000
Time = 6915 | reset = 0 | pc_out = 002b3 | alu_out = 00000
Time = 6925 | reset = 0 | pc_out = 002b4 | alu_out = 00000
Time = 6935 | reset = 0 | pc_out = 002b5 | alu_out = 00000
Time = 6945 | reset = 0 | pc_out = 002b6 | alu_out = 00000
Time = 6955 | reset = 0 | pc_out = 002b7 | alu_out = 00000
Time = 6965 | reset = 0 | pc_out = 002b8 | alu_out = 00000
Time = 6975 | reset = 0 | pc_out = 002b9 | alu_out = 00000
Time = 6985 | reset = 0 | pc_out = 002ba | alu_out = 00000
Time = 6995 | reset = 0 | pc_out = 002bb | alu_out = 00000
Time = 7005 | reset = 0 | pc_out = 002bc | alu_out = 00000
Time = 7015 | reset = 0 | pc_out = 002bd | alu_out = 00000
Time = 7025 | reset = 0 | pc_out = 002be | alu_out = 00000
Time = 7035 | reset = 0 | pc_out = 002bf | alu_out = 00000
Time = 7045 | reset = 0 | pc_out = 002c0 | alu_out = 00000
Time = 7055 | reset = 0 | pc_out = 002c1 | alu_out = 00000
Time = 7065 | reset = 0 | pc_out = 002c2 | alu_out = 00000
Time = 7075 | reset = 0 | pc_out = 002c3 | alu_out = 00000
Time = 7085 | reset = 0 | pc_out = 002c4 | alu_out = 00000
Time = 7095 | reset = 0 | pc_out = 002c5 | alu_out = 00000
Time = 7105 | reset = 0 | pc_out = 002c6 | alu_out = 00000
Time = 7115 | reset = 0 | pc_out = 002c7 | alu_out = 00000
Time = 7125 | reset = 0 | pc_out = 002c8 | alu_out = 00000
Time = 7135 | reset = 0 | pc_out = 002c9 | alu_out = 00000
Time = 7145 | reset = 0 | pc_out = 002ca | alu_out = 00000
Time = 7155 | reset = 0 | pc_out = 002cb | alu_out = 00000
Time = 7165 | reset = 0 | pc_out = 002cc | alu_out = 00000
Time = 7175 | reset = 0 | pc_out = 002cd | alu_out = 00000
Time = 7185 | reset = 0 | pc_out = 002ce | alu_out = 00000
Time = 7195 | reset = 0 | pc_out = 002cf | alu_out = 00000
Time = 7205 | reset = 0 | pc_out = 002d0 | alu_out = 00000
Time = 7215 | reset = 0 | pc_out = 002d1 | alu_out = 00000
Time = 7225 | reset = 0 | pc_out = 002d2 | alu_out = 00000
Time = 7235 | reset = 0 | pc_out = 002d3 | alu_out = 00000
Time = 7245 | reset = 0 | pc_out = 002d4 | alu_out = 00000
Time = 7255 | reset = 0 | pc_out = 002d5 | alu_out = 00000
Time = 7265 | reset = 0 | pc_out = 002d6 | alu_out = 00000
Time = 7275 | reset = 0 | pc_out = 002d7 | alu_out = 00000
Time = 7285 | reset = 0 | pc_out = 002d8 | alu_out = 00000
Time = 7295 | reset = 0 | pc_out = 002d9 | alu_out = 00000
Time = 7305 | reset = 0 | pc_out = 002da | alu_out = 00000
Time = 7315 | reset = 0 | pc_out = 002db | alu_out = 00000
Time = 7325 | reset = 0 | pc_out = 002dc | alu_out = 00000
Time = 7335 | reset = 0 | pc_out = 002dd | alu_out = 00000
Time = 7345 | reset = 0 | pc_out = 002de | alu_out = 00000
Time = 7355 | reset = 0 | pc_out = 002df | alu_out = 00000
Time = 7365 | reset = 0 | pc_out = 002e0 | alu_out = 00000
Time = 7375 | reset = 0 | pc_out = 002e1 | alu_out = 00000
Time = 7385 | reset = 0 | pc_out = 002e2 | alu_out = 00000
Time = 7395 | reset = 0 | pc_out = 002e3 | alu_out = 00000
Time = 7405 | reset = 0 | pc_out = 002e4 | alu_out = 00000
Time = 7415 | reset = 0 | pc_out = 002e5 | alu_out = 00000
Time = 7425 | reset = 0 | pc_out = 002e6 | alu_out = 00000
Time = 7435 | reset = 0 | pc_out = 002e7 | alu_out = 00000
Time = 7445 | reset = 0 | pc_out = 002e8 | alu_out = 00000
Time = 7455 | reset = 0 | pc_out = 002e9 | alu_out = 00000
Time = 7465 | reset = 0 | pc_out = 002ea | alu_out = 00000
Time = 7475 | reset = 0 | pc_out = 002eb | alu_out = 00000
Time = 7485 | reset = 0 | pc_out = 002ec | alu_out = 00000
Time = 7495 | reset = 0 | pc_out = 002ed | alu_out = 00000
Time = 7505 | reset = 0 | pc_out = 002ee | alu_out = 00000
Time = 7515 | reset = 0 | pc_out = 002ef | alu_out = 00000
Time = 7525 | reset = 0 | pc_out = 002f0 | alu_out = 00000
Time = 7535 | reset = 0 | pc_out = 002f1 | alu_out = 00000
Time = 7545 | reset = 0 | pc_out = 002f2 | alu_out = 00000
Time = 7555 | reset = 0 | pc_out = 002f3 | alu_out = 00000
Time = 7565 | reset = 0 | pc_out = 002f4 | alu_out = 00000
Time = 7575 | reset = 0 | pc_out = 002f5 | alu_out = 00000
Time = 7585 | reset = 0 | pc_out = 002f6 | alu_out = 00000
Time = 7595 | reset = 0 | pc_out = 002f7 | alu_out = 00000
Time = 7605 | reset = 0 | pc_out = 002f8 | alu_out = 00000
Time = 7615 | reset = 0 | pc_out = 002f9 | alu_out = 00000
Time = 7625 | reset = 0 | pc_out = 002fa | alu_out = 00000
Time = 7635 | reset = 0 | pc_out = 002fb | alu_out = 00000
Time = 7645 | reset = 0 | pc_out = 002fc | alu_out = 00000
Time = 7655 | reset = 0 | pc_out = 002fd | alu_out = 00000
Time = 7665 | reset = 0 | pc_out = 002fe | alu_out = 00000
Time = 7675 | reset = 0 | pc_out = 002ff | alu_out = 00000
Time = 7685 | reset = 0 | pc_out = 00300 | alu_out = 00000
Time = 7695 | reset = 0 | pc_out = 00301 | alu_out = 00000
Time = 7705 | reset = 0 | pc_out = 00302 | alu_out = 00000
Time = 7715 | reset = 0 | pc_out = 00303 | alu_out = 00000
Time = 7725 | reset = 0 | pc_out = 00304 | alu_out = 00000
Time = 7735 | reset = 0 | pc_out = 00305 | alu_out = 00000
Time = 7745 | reset = 0 | pc_out = 00306 | alu_out = 00000
Time = 7755 | reset = 0 | pc_out = 00307 | alu_out = 00000
Time = 7765 | reset = 0 | pc_out = 00308 | alu_out = 00000
Time = 7775 | reset = 0 | pc_out = 00309 | alu_out = 00000
Time = 7785 | reset = 0 | pc_out = 0030a | alu_out = 00000
Time = 7795 | reset = 0 | pc_out = 0030b | alu_out = 00000
Time = 7805 | reset = 0 | pc_out = 0030c | alu_out = 00000
Time = 7815 | reset = 0 | pc_out = 0030d | alu_out = 00000
Time = 7825 | reset = 0 | pc_out = 0030e | alu_out = 00000
Time = 7835 | reset = 0 | pc_out = 0030f | alu_out = 00000
Time = 7845 | reset = 0 | pc_out = 00310 | alu_out = 00000
Time = 7855 | reset = 0 | pc_out = 00311 | alu_out = 00000
Time = 7865 | reset = 0 | pc_out = 00312 | alu_out = 00000
Time = 7875 | reset = 0 | pc_out = 00313 | alu_out = 00000
Time = 7885 | reset = 0 | pc_out = 00314 | alu_out = 00000
Time = 7895 | reset = 0 | pc_out = 00315 | alu_out = 00000
Time = 7905 | reset = 0 | pc_out = 00316 | alu_out = 00000
Time = 7915 | reset = 0 | pc_out = 00317 | alu_out = 00000
Time = 7925 | reset = 0 | pc_out = 00318 | alu_out = 00000
Time = 7935 | reset = 0 | pc_out = 00319 | alu_out = 00000
Time = 7945 | reset = 0 | pc_out = 0031a | alu_out = 00000
Time = 7955 | reset = 0 | pc_out = 0031b | alu_out = 00000
Time = 7965 | reset = 0 | pc_out = 0031c | alu_out = 00000
Time = 7975 | reset = 0 | pc_out = 0031d | alu_out = 00000
Time = 7985 | reset = 0 | pc_out = 0031e | alu_out = 00000
Time = 7995 | reset = 0 | pc_out = 0031f | alu_out = 00000
Time = 8005 | reset = 0 | pc_out = 00320 | alu_out = 00000
Time = 8015 | reset = 0 | pc_out = 00321 | alu_out = 00000
Time = 8025 | reset = 0 | pc_out = 00322 | alu_out = 00000
Time = 8035 | reset = 0 | pc_out = 00323 | alu_out = 00000
Time = 8045 | reset = 0 | pc_out = 00324 | alu_out = 00000
Time = 8055 | reset = 0 | pc_out = 00325 | alu_out = 00000
Time = 8065 | reset = 0 | pc_out = 00326 | alu_out = 00000
Time = 8075 | reset = 0 | pc_out = 00327 | alu_out = 00000
Time = 8085 | reset = 0 | pc_out = 00328 | alu_out = 00000
Time = 8095 | reset = 0 | pc_out = 00329 | alu_out = 00000
Time = 8105 | reset = 0 | pc_out = 0032a | alu_out = 00000
Time = 8115 | reset = 0 | pc_out = 0032b | alu_out = 00000
Time = 8125 | reset = 0 | pc_out = 0032c | alu_out = 00000
Time = 8135 | reset = 0 | pc_out = 0032d | alu_out = 00000
Time = 8145 | reset = 0 | pc_out = 0032e | alu_out = 00000
Time = 8155 | reset = 0 | pc_out = 0032f | alu_out = 00000
Time = 8165 | reset = 0 | pc_out = 00330 | alu_out = 00000
Time = 8175 | reset = 0 | pc_out = 00331 | alu_out = 00000
Time = 8185 | reset = 0 | pc_out = 00332 | alu_out = 00000
Time = 8195 | reset = 0 | pc_out = 00333 | alu_out = 00000
Time = 8205 | reset = 0 | pc_out = 00334 | alu_out = 00000
Time = 8215 | reset = 0 | pc_out = 00335 | alu_out = 00000
Time = 8225 | reset = 0 | pc_out = 00336 | alu_out = 00000
Time = 8235 | reset = 0 | pc_out = 00337 | alu_out = 00000
Time = 8245 | reset = 0 | pc_out = 00338 | alu_out = 00000
Time = 8255 | reset = 0 | pc_out = 00339 | alu_out = 00000
Time = 8265 | reset = 0 | pc_out = 0033a | alu_out = 00000
Time = 8275 | reset = 0 | pc_out = 0033b | alu_out = 00000
Time = 8285 | reset = 0 | pc_out = 0033c | alu_out = 00000
Time = 8295 | reset = 0 | pc_out = 0033d | alu_out = 00000
Time = 8305 | reset = 0 | pc_out = 0033e | alu_out = 00000
Time = 8315 | reset = 0 | pc_out = 0033f | alu_out = 00000
Time = 8325 | reset = 0 | pc_out = 00340 | alu_out = 00000
Time = 8335 | reset = 0 | pc_out = 00341 | alu_out = 00000
Time = 8345 | reset = 0 | pc_out = 00342 | alu_out = 00000
Time = 8355 | reset = 0 | pc_out = 00343 | alu_out = 00000
Time = 8365 | reset = 0 | pc_out = 00344 | alu_out = 00000
Time = 8375 | reset = 0 | pc_out = 00345 | alu_out = 00000
Time = 8385 | reset = 0 | pc_out = 00346 | alu_out = 00000
Time = 8395 | reset = 0 | pc_out = 00347 | alu_out = 00000
Time = 8405 | reset = 0 | pc_out = 00348 | alu_out = 00000
Time = 8415 | reset = 0 | pc_out = 00349 | alu_out = 00000
Time = 8425 | reset = 0 | pc_out = 0034a | alu_out = 00000
Time = 8435 | reset = 0 | pc_out = 0034b | alu_out = 00000
Time = 8445 | reset = 0 | pc_out = 0034c | alu_out = 00000
Time = 8455 | reset = 0 | pc_out = 0034d | alu_out = 00000
Time = 8465 | reset = 0 | pc_out = 0034e | alu_out = 00000
Time = 8475 | reset = 0 | pc_out = 0034f | alu_out = 00000
Time = 8485 | reset = 0 | pc_out = 00350 | alu_out = 00000
Time = 8495 | reset = 0 | pc_out = 00351 | alu_out = 00000
Time = 8505 | reset = 0 | pc_out = 00352 | alu_out = 00000
Time = 8515 | reset = 0 | pc_out = 00353 | alu_out = 00000
Time = 8525 | reset = 0 | pc_out = 00354 | alu_out = 00000
Time = 8535 | reset = 0 | pc_out = 00355 | alu_out = 00000
Time = 8545 | reset = 0 | pc_out = 00356 | alu_out = 00000
Time = 8555 | reset = 0 | pc_out = 00357 | alu_out = 00000
Time = 8565 | reset = 0 | pc_out = 00358 | alu_out = 00000
Time = 8575 | reset = 0 | pc_out = 00359 | alu_out = 00000
Time = 8585 | reset = 0 | pc_out = 0035a | alu_out = 00000
Time = 8595 | reset = 0 | pc_out = 0035b | alu_out = 00000
Time = 8605 | reset = 0 | pc_out = 0035c | alu_out = 00000
Time = 8615 | reset = 0 | pc_out = 0035d | alu_out = 00000
Time = 8625 | reset = 0 | pc_out = 0035e | alu_out = 00000
Time = 8635 | reset = 0 | pc_out = 0035f | alu_out = 00000
Time = 8645 | reset = 0 | pc_out = 00360 | alu_out = 00000
Time = 8655 | reset = 0 | pc_out = 00361 | alu_out = 00000
Time = 8665 | reset = 0 | pc_out = 00362 | alu_out = 00000
Time = 8675 | reset = 0 | pc_out = 00363 | alu_out = 00000
Time = 8685 | reset = 0 | pc_out = 00364 | alu_out = 00000
Time = 8695 | reset = 0 | pc_out = 00365 | alu_out = 00000
Time = 8705 | reset = 0 | pc_out = 00366 | alu_out = 00000
Time = 8715 | reset = 0 | pc_out = 00367 | alu_out = 00000
Time = 8725 | reset = 0 | pc_out = 00368 | alu_out = 00000
Time = 8735 | reset = 0 | pc_out = 00369 | alu_out = 00000
Time = 8745 | reset = 0 | pc_out = 0036a | alu_out = 00000
Time = 8755 | reset = 0 | pc_out = 0036b | alu_out = 00000
Time = 8765 | reset = 0 | pc_out = 0036c | alu_out = 00000
Time = 8775 | reset = 0 | pc_out = 0036d | alu_out = 00000
Time = 8785 | reset = 0 | pc_out = 0036e | alu_out = 00000
Time = 8795 | reset = 0 | pc_out = 0036f | alu_out = 00000
Time = 8805 | reset = 0 | pc_out = 00370 | alu_out = 00000
Time = 8815 | reset = 0 | pc_out = 00371 | alu_out = 00000
Time = 8825 | reset = 0 | pc_out = 00372 | alu_out = 00000
Time = 8835 | reset = 0 | pc_out = 00373 | alu_out = 00000
Time = 8845 | reset = 0 | pc_out = 00374 | alu_out = 00000
Time = 8855 | reset = 0 | pc_out = 00375 | alu_out = 00000
Time = 8865 | reset = 0 | pc_out = 00376 | alu_out = 00000
Time = 8875 | reset = 0 | pc_out = 00377 | alu_out = 00000
Time = 8885 | reset = 0 | pc_out = 00378 | alu_out = 00000
Time = 8895 | reset = 0 | pc_out = 00379 | alu_out = 00000
Time = 8905 | reset = 0 | pc_out = 0037a | alu_out = 00000
Time = 8915 | reset = 0 | pc_out = 0037b | alu_out = 00000
Time = 8925 | reset = 0 | pc_out = 0037c | alu_out = 00000
Time = 8935 | reset = 0 | pc_out = 0037d | alu_out = 00000
Time = 8945 | reset = 0 | pc_out = 0037e | alu_out = 00000
Time = 8955 | reset = 0 | pc_out = 0037f | alu_out = 00000
Time = 8965 | reset = 0 | pc_out = 00380 | alu_out = 00000
Time = 8975 | reset = 0 | pc_out = 00381 | alu_out = 00000
Time = 8985 | reset = 0 | pc_out = 00382 | alu_out = 00000
Time = 8995 | reset = 0 | pc_out = 00383 | alu_out = 00000
Time = 9005 | reset = 0 | pc_out = 00384 | alu_out = 00000
Time = 9015 | reset = 0 | pc_out = 00385 | alu_out = 00000
Time = 9025 | reset = 0 | pc_out = 00386 | alu_out = 00000
Time = 9035 | reset = 0 | pc_out = 00387 | alu_out = 00000
Time = 9045 | reset = 0 | pc_out = 00388 | alu_out = 00000
Time = 9055 | reset = 0 | pc_out = 00389 | alu_out = 00000
Time = 9065 | reset = 0 | pc_out = 0038a | alu_out = 00000
Time = 9075 | reset = 0 | pc_out = 0038b | alu_out = 00000
Time = 9085 | reset = 0 | pc_out = 0038c | alu_out = 00000
Time = 9095 | reset = 0 | pc_out = 0038d | alu_out = 00000
Time = 9105 | reset = 0 | pc_out = 0038e | alu_out = 00000
Time = 9115 | reset = 0 | pc_out = 0038f | alu_out = 00000
Time = 9125 | reset = 0 | pc_out = 00390 | alu_out = 00000
Time = 9135 | reset = 0 | pc_out = 00391 | alu_out = 00000
Time = 9145 | reset = 0 | pc_out = 00392 | alu_out = 00000
Time = 9155 | reset = 0 | pc_out = 00393 | alu_out = 00000
Time = 9165 | reset = 0 | pc_out = 00394 | alu_out = 00000
Time = 9175 | reset = 0 | pc_out = 00395 | alu_out = 00000
Time = 9185 | reset = 0 | pc_out = 00396 | alu_out = 00000
Time = 9195 | reset = 0 | pc_out = 00397 | alu_out = 00000
Time = 9205 | reset = 0 | pc_out = 00398 | alu_out = 00000
Time = 9215 | reset = 0 | pc_out = 00399 | alu_out = 00000
Time = 9225 | reset = 0 | pc_out = 0039a | alu_out = 00000
Time = 9235 | reset = 0 | pc_out = 0039b | alu_out = 00000
Time = 9245 | reset = 0 | pc_out = 0039c | alu_out = 00000
Time = 9255 | reset = 0 | pc_out = 0039d | alu_out = 00000
Time = 9265 | reset = 0 | pc_out = 0039e | alu_out = 00000
Time = 9275 | reset = 0 | pc_out = 0039f | alu_out = 00000
Time = 9285 | reset = 0 | pc_out = 003a0 | alu_out = 00000
Time = 9295 | reset = 0 | pc_out = 003a1 | alu_out = 00000
Time = 9305 | reset = 0 | pc_out = 003a2 | alu_out = 00000
Time = 9315 | reset = 0 | pc_out = 003a3 | alu_out = 00000
Time = 9325 | reset = 0 | pc_out = 003a4 | alu_out = 00000
Time = 9335 | reset = 0 | pc_out = 003a5 | alu_out = 00000
Time = 9345 | reset = 0 | pc_out = 003a6 | alu_out = 00000
Time = 9355 | reset = 0 | pc_out = 003a7 | alu_out = 00000
Time = 9365 | reset = 0 | pc_out = 003a8 | alu_out = 00000
Time = 9375 | reset = 0 | pc_out = 003a9 | alu_out = 00000
Time = 9385 | reset = 0 | pc_out = 003aa | alu_out = 00000
Time = 9395 | reset = 0 | pc_out = 003ab | alu_out = 00000
Time = 9405 | reset = 0 | pc_out = 003ac | alu_out = 00000
Time = 9415 | reset = 0 | pc_out = 003ad | alu_out = 00000
Time = 9425 | reset = 0 | pc_out = 003ae | alu_out = 00000
Time = 9435 | reset = 0 | pc_out = 003af | alu_out = 00000
Time = 9445 | reset = 0 | pc_out = 003b0 | alu_out = 00000
Time = 9455 | reset = 0 | pc_out = 003b1 | alu_out = 00000
Time = 9465 | reset = 0 | pc_out = 003b2 | alu_out = 00000
Time = 9475 | reset = 0 | pc_out = 003b3 | alu_out = 00000
Time = 9485 | reset = 0 | pc_out = 003b4 | alu_out = 00000
Time = 9495 | reset = 0 | pc_out = 003b5 | alu_out = 00000
Time = 9505 | reset = 0 | pc_out = 003b6 | alu_out = 00000
Time = 9515 | reset = 0 | pc_out = 003b7 | alu_out = 00000
Time = 9525 | reset = 0 | pc_out = 003b8 | alu_out = 00000
Time = 9535 | reset = 0 | pc_out = 003b9 | alu_out = 00000
Time = 9545 | reset = 0 | pc_out = 003ba | alu_out = 00000
Time = 9555 | reset = 0 | pc_out = 003bb | alu_out = 00000
Time = 9565 | reset = 0 | pc_out = 003bc | alu_out = 00000
Time = 9575 | reset = 0 | pc_out = 003bd | alu_out = 00000
Time = 9585 | reset = 0 | pc_out = 003be | alu_out = 00000
Time = 9595 | reset = 0 | pc_out = 003bf | alu_out = 00000
Time = 9605 | reset = 0 | pc_out = 003c0 | alu_out = 00000
Time = 9615 | reset = 0 | pc_out = 003c1 | alu_out = 00000
Time = 9625 | reset = 0 | pc_out = 003c2 | alu_out = 00000
Time = 9635 | reset = 0 | pc_out = 003c3 | alu_out = 00000
Time = 9645 | reset = 0 | pc_out = 003c4 | alu_out = 00000
Time = 9655 | reset = 0 | pc_out = 003c5 | alu_out = 00000
Time = 9665 | reset = 0 | pc_out = 003c6 | alu_out = 00000
Time = 9675 | reset = 0 | pc_out = 003c7 | alu_out = 00000
Time = 9685 | reset = 0 | pc_out = 003c8 | alu_out = 00000
Time = 9695 | reset = 0 | pc_out = 003c9 | alu_out = 00000
Time = 9705 | reset = 0 | pc_out = 003ca | alu_out = 00000
Time = 9715 | reset = 0 | pc_out = 003cb | alu_out = 00000
Time = 9725 | reset = 0 | pc_out = 003cc | alu_out = 00000
Time = 9735 | reset = 0 | pc_out = 003cd | alu_out = 00000
Time = 9745 | reset = 0 | pc_out = 003ce | alu_out = 00000
Time = 9755 | reset = 0 | pc_out = 003cf | alu_out = 00000
Time = 9765 | reset = 0 | pc_out = 003d0 | alu_out = 00000
Time = 9775 | reset = 0 | pc_out = 003d1 | alu_out = 00000
Time = 9785 | reset = 0 | pc_out = 003d2 | alu_out = 00000
Time = 9795 | reset = 0 | pc_out = 003d3 | alu_out = 00000
Time = 9805 | reset = 0 | pc_out = 003d4 | alu_out = 00000
Time = 9815 | reset = 0 | pc_out = 003d5 | alu_out = 00000
Time = 9825 | reset = 0 | pc_out = 003d6 | alu_out = 00000
Time = 9835 | reset = 0 | pc_out = 003d7 | alu_out = 00000
Time = 9845 | reset = 0 | pc_out = 003d8 | alu_out = 00000
Time = 9855 | reset = 0 | pc_out = 003d9 | alu_out = 00000
Time = 9865 | reset = 0 | pc_out = 003da | alu_out = 00000
Time = 9875 | reset = 0 | pc_out = 003db | alu_out = 00000
Time = 9885 | reset = 0 | pc_out = 003dc | alu_out = 00000
Time = 9895 | reset = 0 | pc_out = 003dd | alu_out = 00000
Time = 9905 | reset = 0 | pc_out = 003de | alu_out = 00000
Time = 9915 | reset = 0 | pc_out = 003df | alu_out = 00000
Time = 9925 | reset = 0 | pc_out = 003e0 | alu_out = 00000
Time = 9935 | reset = 0 | pc_out = 003e1 | alu_out = 00000
Time = 9945 | reset = 0 | pc_out = 003e2 | alu_out = 00000
Time = 9955 | reset = 0 | pc_out = 003e3 | alu_out = 00000
Time = 9965 | reset = 0 | pc_out = 003e4 | alu_out = 00000
Time = 9975 | reset = 0 | pc_out = 003e5 | alu_out = 00000
Time = 9985 | reset = 0 | pc_out = 003e6 | alu_out = 00000
Time = 9995 | reset = 0 | pc_out = 003e7 | alu_out = 00000
Time = 10005 | reset = 0 | pc_out = 003e8 | alu_out = 00000
Time = 10015 | reset = 0 | pc_out = 003e9 | alu_out = 00000
Time = 10025 | reset = 0 | pc_out = 003ea | alu_out = 00000
Time = 10035 | reset = 0 | pc_out = 003eb | alu_out = 00000
Time = 10045 | reset = 0 | pc_out = 003ec | alu_out = 00000
Time = 10055 | reset = 0 | pc_out = 003ed | alu_out = 00000
Time = 10065 | reset = 0 | pc_out = 003ee | alu_out = 00000
Time = 10075 | reset = 0 | pc_out = 003ef | alu_out = 00000
Time = 10085 | reset = 0 | pc_out = 003f0 | alu_out = 00000
Time = 10095 | reset = 0 | pc_out = 003f1 | alu_out = 00000
Time = 10105 | reset = 0 | pc_out = 003f2 | alu_out = 00000
Time = 10115 | reset = 0 | pc_out = 003f3 | alu_out = 00000
Time = 10125 | reset = 0 | pc_out = 003f4 | alu_out = 00000
Time = 10135 | reset = 0 | pc_out = 003f5 | alu_out = 00000
Time = 10145 | reset = 0 | pc_out = 003f6 | alu_out = 00000
Time = 10155 | reset = 0 | pc_out = 003f7 | alu_out = 00000
Time = 10165 | reset = 0 | pc_out = 003f8 | alu_out = 00000
Time = 10175 | reset = 0 | pc_out = 003f9 | alu_out = 00000
Time = 10185 | reset = 0 | pc_out = 003fa | alu_out = 00000
Time = 10195 | reset = 0 | pc_out = 003fb | alu_out = 00000
Time = 10205 | reset = 0 | pc_out = 003fc | alu_out = 00000
Time = 10215 | reset = 0 | pc_out = 003fd | alu_out = 00000
Time = 10225 | reset = 0 | pc_out = 003fe | alu_out = 00000
